<?xml version="1.0" encoding="UTF-8"?>
<!-- Generated by org.testng.reporters.JUnitReportReporter -->
<testsuite hostname="DESKTOP-C79FB0L" failures="0" tests="3" name="com.example.Main" time="0.009" errors="1" timestamp="2025-03-19T15:57:11 IST" skipped="2">
  <testcase classname="com.example.Main" name="setUpTest" time="0.009">
    <error message="Driver cannot be null." type="java.lang.Exception">
      <![CDATA[java.lang.Exception: Driver cannot be null.
at com.example.OurWorkFrame_CodeFusionWebsite.<init>(OurWorkFrame_CodeFusionWebsite.java:13)
at com.example.Main.setUpTest(Main.java:22)
at java.base/jdk.internal.reflect.DirectMethodHandleAccessor.invoke(DirectMethodHandleAccessor.java:103)
at java.base/java.lang.reflect.Method.invoke(Method.java:580)
at org.testng.internal.invokers.MethodInvocationHelper.invokeMethod(MethodInvocationHelper.java:141)
at org.testng.internal.invokers.MethodInvocationHelper.invokeMethodConsideringTimeout(MethodInvocationHelper.java:71)
at org.testng.internal.invokers.ConfigInvoker.invokeConfigurationMethod(ConfigInvoker.java:400)
at org.testng.internal.invokers.ConfigInvoker.invokeConfigurations(ConfigInvoker.java:333)
at org.testng.TestRunner.invokeTestConfigurations(TestRunner.java:657)
at org.testng.TestRunner.beforeRun(TestRunner.java:646)
at org.testng.TestRunner.run(TestRunner.java:612)
at org.testng.SuiteRunner.runTest(SuiteRunner.java:421)
at org.testng.SuiteRunner.runSequentially(SuiteRunner.java:413)
at org.testng.SuiteRunner.privateRun(SuiteRunner.java:373)
at org.testng.SuiteRunner.run(SuiteRunner.java:312)
at org.testng.SuiteRunnerWorker.runSuite(SuiteRunnerWorker.java:52)
at org.testng.SuiteRunnerWorker.run(SuiteRunnerWorker.java:95)
at org.testng.TestNG.runSuitesSequentially(TestNG.java:1274)
at org.testng.TestNG.runSuitesLocally(TestNG.java:1208)
at org.testng.TestNG.runSuites(TestNG.java:1112)
at org.testng.TestNG.run(TestNG.java:1079)
at com.example.Main.main(Main.java:62)
]]>
    </error>
  </testcase> <!-- setUpTest -->
  <testcase classname="com.example.Main" name="webprojectSecttionOne" time="0.000">
    <skipped/>
  </testcase> <!-- webprojectSecttionOne -->
  <testcase classname="com.example.Main" name="webprojectSecttionTwo" time="0.000">
    <skipped/>
  </testcase> <!-- webprojectSecttionTwo -->
</testsuite> <!-- com.example.Main -->
