<?xml version="1.0" encoding="UTF-8"?>
<!-- Generated by org.testng.reporters.JUnitReportReporter -->
<testsuite hostname="DESKTOP-C79FB0L" failures="0" tests="3" name="com.example.Main" time="117.959" errors="0" timestamp="2025-04-01T20:28:02 IDT" skipped="0">
  <testcase classname="com.example.Main" name="webprojectSecttionOne" time="29.643"/>
  <testcase classname="com.example.Main" name="webprojectSecttionTwo" time="88.316"/>
  <testcase classname="com.example.Main" name="aboutus" time="0.000"/>
</testsuite> <!-- com.example.Main -->
